<?xml version="1.0" encoding="UTF-8"?>
<testsuite xmlns:xsi="http://www.w3.org/2001/XMLSchema-instance" xsi:noNamespaceSchemaLocation="https://maven.apache.org/surefire/maven-surefire-plugin/xsd/surefire-test-report.xsd" name="com.lagou.EduEurekaBootApplicationTests" time="4.762" tests="1" errors="0" skipped="0" failures="0">
  <properties>
    <property name="sun.desktop" value="windows"/>
    <property name="awt.toolkit" value="sun.awt.windows.WToolkit"/>
    <property name="java.specification.version" value="11"/>
    <property name="sun.cpu.isalist" value="amd64"/>
    <property name="sun.jnu.encoding" value="GBK"/>
    <property name="java.class.path" value="D:\workspace\project\微服务\edu\edu-lagou\edu-eureka-boot\target\test-classes;D:\workspace\project\微服务\edu\edu-lagou\edu-eureka-boot\target\classes;D:\software\repository\org\springframework\cloud\spring-cloud-starter-netflix-eureka-server\3.0.0\spring-cloud-starter-netflix-eureka-server-3.0.0.jar;D:\software\repository\org\springframework\cloud\spring-cloud-starter\3.0.0\spring-cloud-starter-3.0.0.jar;D:\software\repository\org\springframework\cloud\spring-cloud-context\3.0.0\spring-cloud-context-3.0.0.jar;D:\software\repository\org\springframework\security\spring-security-crypto\5.4.2\spring-security-crypto-5.4.2.jar;D:\software\repository\org\springframework\cloud\spring-cloud-commons\3.0.0\spring-cloud-commons-3.0.0.jar;D:\software\repository\org\springframework\security\spring-security-rsa\1.0.9.RELEASE\spring-security-rsa-1.0.9.RELEASE.jar;D:\software\repository\org\bouncycastle\bcpkix-jdk15on\1.64\bcpkix-jdk15on-1.64.jar;D:\software\repository\org\bouncycastle\bcprov-jdk15on\1.64\bcprov-jdk15on-1.64.jar;D:\software\repository\org\springframework\cloud\spring-cloud-netflix-eureka-server\3.0.0\spring-cloud-netflix-eureka-server-3.0.0.jar;D:\software\repository\org\springframework\boot\spring-boot-starter-web\2.4.2\spring-boot-starter-web-2.4.2.jar;D:\software\repository\org\springframework\boot\spring-boot-starter-json\2.4.2\spring-boot-starter-json-2.4.2.jar;D:\software\repository\com\fasterxml\jackson\datatype\jackson-datatype-jdk8\2.11.4\jackson-datatype-jdk8-2.11.4.jar;D:\software\repository\com\fasterxml\jackson\datatype\jackson-datatype-jsr310\2.11.4\jackson-datatype-jsr310-2.11.4.jar;D:\software\repository\com\fasterxml\jackson\module\jackson-module-parameter-names\2.11.4\jackson-module-parameter-names-2.11.4.jar;D:\software\repository\org\springframework\boot\spring-boot-starter-tomcat\2.4.2\spring-boot-starter-tomcat-2.4.2.jar;D:\software\repository\org\apache\tomcat\embed\tomcat-embed-core\9.0.41\tomcat-embed-core-9.0.41.jar;D:\software\repository\org\glassfish\jakarta.el\3.0.3\jakarta.el-3.0.3.jar;D:\software\repository\org\apache\tomcat\embed\tomcat-embed-websocket\9.0.41\tomcat-embed-websocket-9.0.41.jar;D:\software\repository\org\springframework\spring-web\5.3.3\spring-web-5.3.3.jar;D:\software\repository\org\springframework\spring-webmvc\5.3.3\spring-webmvc-5.3.3.jar;D:\software\repository\org\springframework\boot\spring-boot-starter-actuator\2.4.2\spring-boot-starter-actuator-2.4.2.jar;D:\software\repository\org\springframework\boot\spring-boot-actuator-autoconfigure\2.4.2\spring-boot-actuator-autoconfigure-2.4.2.jar;D:\software\repository\org\springframework\boot\spring-boot-actuator\2.4.2\spring-boot-actuator-2.4.2.jar;D:\software\repository\io\micrometer\micrometer-core\1.6.3\micrometer-core-1.6.3.jar;D:\software\repository\org\hdrhistogram\HdrHistogram\2.1.12\HdrHistogram-2.1.12.jar;D:\software\repository\org\latencyutils\LatencyUtils\2.0.3\LatencyUtils-2.0.3.jar;D:\software\repository\org\springframework\boot\spring-boot-starter-freemarker\2.4.2\spring-boot-starter-freemarker-2.4.2.jar;D:\software\repository\org\freemarker\freemarker\2.3.30\freemarker-2.3.30.jar;D:\software\repository\org\springframework\spring-context-support\5.3.3\spring-context-support-5.3.3.jar;D:\software\repository\org\springframework\cloud\spring-cloud-netflix-eureka-client\3.0.0\spring-cloud-netflix-eureka-client-3.0.0.jar;D:\software\repository\com\netflix\eureka\eureka-client\1.10.10\eureka-client-1.10.10.jar;D:\software\repository\com\netflix\netflix-commons\netflix-eventbus\0.3.0\netflix-eventbus-0.3.0.jar;D:\software\repository\com\netflix\netflix-commons\netflix-infix\0.3.0\netflix-infix-0.3.0.jar;D:\software\repository\commons-jxpath\commons-jxpath\1.3\commons-jxpath-1.3.jar;D:\software\repository\joda-time\joda-time\2.3\joda-time-2.3.jar;D:\software\repository\org\antlr\antlr-runtime\3.4\antlr-runtime-3.4.jar;D:\software\repository\org\antlr\stringtemplate\3.2.1\stringtemplate-3.2.1.jar;D:\software\repository\antlr\antlr\2.7.7\antlr-2.7.7.jar;D:\software\repository\com\google\code\gson\gson\2.8.6\gson-2.8.6.jar;D:\software\repository\org\apache\commons\commons-math\2.2\commons-math-2.2.jar;D:\software\repository\javax\ws\rs\jsr311-api\1.1.1\jsr311-api-1.1.1.jar;D:\software\repository\com\netflix\servo\servo-core\0.12.21\servo-core-0.12.21.jar;D:\software\repository\com\google\guava\guava\19.0\guava-19.0.jar;D:\software\repository\com\sun\jersey\jersey-core\1.19.1\jersey-core-1.19.1.jar;D:\software\repository\com\sun\jersey\contribs\jersey-apache-client4\1.19.1\jersey-apache-client4-1.19.1.jar;D:\software\repository\org\apache\httpcomponents\httpclient\4.5.13\httpclient-4.5.13.jar;D:\software\repository\org\apache\httpcomponents\httpcore\4.4.14\httpcore-4.4.14.jar;D:\software\repository\commons-codec\commons-codec\1.15\commons-codec-1.15.jar;D:\software\repository\commons-configuration\commons-configuration\1.10\commons-configuration-1.10.jar;D:\software\repository\commons-lang\commons-lang\2.6\commons-lang-2.6.jar;D:\software\repository\com\google\inject\guice\4.1.0\guice-4.1.0.jar;D:\software\repository\aopalliance\aopalliance\1.0\aopalliance-1.0.jar;D:\software\repository\com\fasterxml\jackson\core\jackson-annotations\2.11.4\jackson-annotations-2.11.4.jar;D:\software\repository\com\fasterxml\jackson\core\jackson-core\2.11.4\jackson-core-2.11.4.jar;D:\software\repository\com\fasterxml\jackson\core\jackson-databind\2.11.4\jackson-databind-2.11.4.jar;D:\software\repository\org\codehaus\jettison\jettison\1.4.0\jettison-1.4.0.jar;D:\software\repository\com\sun\jersey\jersey-servlet\1.19.4\jersey-servlet-1.19.4.jar;D:\software\repository\com\sun\jersey\jersey-server\1.19.4\jersey-server-1.19.4.jar;D:\software\repository\com\sun\jersey\jersey-client\1.19.4\jersey-client-1.19.4.jar;D:\software\repository\com\netflix\eureka\eureka-core\1.10.10\eureka-core-1.10.10.jar;D:\software\repository\com\fasterxml\woodstox\woodstox-core\5.3.0\woodstox-core-5.3.0.jar;D:\software\repository\javax\inject\javax.inject\1\javax.inject-1.jar;D:\software\repository\com\fasterxml\jackson\dataformat\jackson-dataformat-xml\2.11.4\jackson-dataformat-xml-2.11.4.jar;D:\software\repository\com\fasterxml\jackson\module\jackson-module-jaxb-annotations\2.11.4\jackson-module-jaxb-annotations-2.11.4.jar;D:\software\repository\org\codehaus\woodstox\stax2-api\4.2.1\stax2-api-4.2.1.jar;D:\software\repository\com\thoughtworks\xstream\xstream\1.4.14\xstream-1.4.14.jar;D:\software\repository\xmlpull\xmlpull\1.1.3.1\xmlpull-1.1.3.1.jar;D:\software\repository\xpp3\xpp3_min\1.1.4c\xpp3_min-1.1.4c.jar;D:\software\repository\org\springframework\cloud\spring-cloud-starter-loadbalancer\3.0.0\spring-cloud-starter-loadbalancer-3.0.0.jar;D:\software\repository\org\springframework\cloud\spring-cloud-loadbalancer\3.0.0\spring-cloud-loadbalancer-3.0.0.jar;D:\software\repository\org\springframework\boot\spring-boot-starter-validation\2.4.2\spring-boot-starter-validation-2.4.2.jar;D:\software\repository\org\hibernate\validator\hibernate-validator\6.1.7.Final\hibernate-validator-6.1.7.Final.jar;D:\software\repository\jakarta\validation\jakarta.validation-api\2.0.2\jakarta.validation-api-2.0.2.jar;D:\software\repository\org\jboss\logging\jboss-logging\3.4.1.Final\jboss-logging-3.4.1.Final.jar;D:\software\repository\com\fasterxml\classmate\1.5.1\classmate-1.5.1.jar;D:\software\repository\io\projectreactor\reactor-core\3.4.2\reactor-core-3.4.2.jar;D:\software\repository\org\reactivestreams\reactive-streams\1.0.3\reactive-streams-1.0.3.jar;D:\software\repository\io\projectreactor\addons\reactor-extra\3.4.2\reactor-extra-3.4.2.jar;D:\software\repository\org\springframework\boot\spring-boot-starter-cache\2.4.2\spring-boot-starter-cache-2.4.2.jar;D:\software\repository\com\stoyanr\evictor\1.0.0\evictor-1.0.0.jar;D:\software\repository\com\sun\xml\bind\jaxb-core\2.2.11\jaxb-core-2.2.11.jar;D:\software\repository\javax\xml\bind\jaxb-api\2.3.1\jaxb-api-2.3.1.jar;D:\software\repository\javax\activation\javax.activation-api\1.2.0\javax.activation-api-1.2.0.jar;D:\software\repository\com\sun\xml\bind\jaxb-impl\2.2.11\jaxb-impl-2.2.11.jar;D:\software\repository\org\glassfish\jaxb\jaxb-runtime\2.2.10-b140310.1920\jaxb-runtime-2.2.10-b140310.1920.jar;D:\software\repository\javax\activation\activation\1.1.1\activation-1.1.1.jar;D:\software\repository\org\springframework\boot\spring-boot-starter\2.4.2\spring-boot-starter-2.4.2.jar;D:\software\repository\org\springframework\boot\spring-boot\2.4.2\spring-boot-2.4.2.jar;D:\software\repository\org\springframework\spring-context\5.3.3\spring-context-5.3.3.jar;D:\software\repository\org\springframework\spring-aop\5.3.3\spring-aop-5.3.3.jar;D:\software\repository\org\springframework\spring-beans\5.3.3\spring-beans-5.3.3.jar;D:\software\repository\org\springframework\spring-expression\5.3.3\spring-expression-5.3.3.jar;D:\software\repository\org\springframework\boot\spring-boot-autoconfigure\2.4.2\spring-boot-autoconfigure-2.4.2.jar;D:\software\repository\org\springframework\boot\spring-boot-starter-logging\2.4.2\spring-boot-starter-logging-2.4.2.jar;D:\software\repository\ch\qos\logback\logback-classic\1.2.3\logback-classic-1.2.3.jar;D:\software\repository\ch\qos\logback\logback-core\1.2.3\logback-core-1.2.3.jar;D:\software\repository\org\apache\logging\log4j\log4j-to-slf4j\2.13.3\log4j-to-slf4j-2.13.3.jar;D:\software\repository\org\apache\logging\log4j\log4j-api\2.13.3\log4j-api-2.13.3.jar;D:\software\repository\org\slf4j\jul-to-slf4j\1.7.30\jul-to-slf4j-1.7.30.jar;D:\software\repository\jakarta\annotation\jakarta.annotation-api\1.3.5\jakarta.annotation-api-1.3.5.jar;D:\software\repository\org\springframework\spring-core\5.3.3\spring-core-5.3.3.jar;D:\software\repository\org\springframework\spring-jcl\5.3.3\spring-jcl-5.3.3.jar;D:\software\repository\org\yaml\snakeyaml\1.27\snakeyaml-1.27.jar;D:\software\repository\org\springframework\boot\spring-boot-starter-test\2.4.2\spring-boot-starter-test-2.4.2.jar;D:\software\repository\org\springframework\boot\spring-boot-test\2.4.2\spring-boot-test-2.4.2.jar;D:\software\repository\org\springframework\boot\spring-boot-test-autoconfigure\2.4.2\spring-boot-test-autoconfigure-2.4.2.jar;D:\software\repository\com\jayway\jsonpath\json-path\2.4.0\json-path-2.4.0.jar;D:\software\repository\net\minidev\json-smart\2.3\json-smart-2.3.jar;D:\software\repository\net\minidev\accessors-smart\1.2\accessors-smart-1.2.jar;D:\software\repository\org\ow2\asm\asm\5.0.4\asm-5.0.4.jar;D:\software\repository\org\slf4j\slf4j-api\1.7.30\slf4j-api-1.7.30.jar;D:\software\repository\jakarta\xml\bind\jakarta.xml.bind-api\2.3.3\jakarta.xml.bind-api-2.3.3.jar;D:\software\repository\jakarta\activation\jakarta.activation-api\1.2.2\jakarta.activation-api-1.2.2.jar;D:\software\repository\org\assertj\assertj-core\3.18.1\assertj-core-3.18.1.jar;D:\software\repository\org\hamcrest\hamcrest\2.2\hamcrest-2.2.jar;D:\software\repository\org\junit\jupiter\junit-jupiter\5.7.0\junit-jupiter-5.7.0.jar;D:\software\repository\org\junit\jupiter\junit-jupiter-api\5.7.0\junit-jupiter-api-5.7.0.jar;D:\software\repository\org\apiguardian\apiguardian-api\1.1.0\apiguardian-api-1.1.0.jar;D:\software\repository\org\opentest4j\opentest4j\1.2.0\opentest4j-1.2.0.jar;D:\software\repository\org\junit\platform\junit-platform-commons\1.7.0\junit-platform-commons-1.7.0.jar;D:\software\repository\org\junit\jupiter\junit-jupiter-params\5.7.0\junit-jupiter-params-5.7.0.jar;D:\software\repository\org\junit\jupiter\junit-jupiter-engine\5.7.0\junit-jupiter-engine-5.7.0.jar;D:\software\repository\org\junit\platform\junit-platform-engine\1.7.0\junit-platform-engine-1.7.0.jar;D:\software\repository\org\mockito\mockito-core\3.6.28\mockito-core-3.6.28.jar;D:\software\repository\net\bytebuddy\byte-buddy\1.10.19\byte-buddy-1.10.19.jar;D:\software\repository\net\bytebuddy\byte-buddy-agent\1.10.19\byte-buddy-agent-1.10.19.jar;D:\software\repository\org\objenesis\objenesis\3.1\objenesis-3.1.jar;D:\software\repository\org\mockito\mockito-junit-jupiter\3.6.28\mockito-junit-jupiter-3.6.28.jar;D:\software\repository\org\skyscreamer\jsonassert\1.5.0\jsonassert-1.5.0.jar;D:\software\repository\com\vaadin\external\google\android-json\0.0.20131108.vaadin1\android-json-0.0.20131108.vaadin1.jar;D:\software\repository\org\springframework\spring-test\5.3.3\spring-test-5.3.3.jar;D:\software\repository\org\xmlunit\xmlunit-core\2.7.0\xmlunit-core-2.7.0.jar;"/>
    <property name="java.vm.vendor" value="Oracle Corporation"/>
    <property name="sun.arch.data.model" value="64"/>
    <property name="user.variant" value=""/>
    <property name="java.vendor.url" value="http://java.oracle.com/"/>
    <property name="user.timezone" value="Asia/Shanghai"/>
    <property name="java.vm.specification.version" value="11"/>
    <property name="os.name" value="Windows 10"/>
    <property name="sun.java.launcher" value="SUN_STANDARD"/>
    <property name="user.country" value="CN"/>
    <property name="sun.boot.library.path" value="C:\Program Files\Java\jdk-11.0.2\bin"/>
    <property name="sun.java.command" value="C:\Users\lengy\AppData\Local\Temp\surefire11659614942191169749\surefirebooter14866872950030290116.jar C:\Users\lengy\AppData\Local\Temp\surefire11659614942191169749 2022-09-20T21-48-42_369-jvmRun1 surefire2341402934093437113tmp surefire_010936800659930495626tmp"/>
    <property name="jdk.debug" value="release"/>
    <property name="surefire.test.class.path" value="D:\workspace\project\微服务\edu\edu-lagou\edu-eureka-boot\target\test-classes;D:\workspace\project\微服务\edu\edu-lagou\edu-eureka-boot\target\classes;D:\software\repository\org\springframework\cloud\spring-cloud-starter-netflix-eureka-server\3.0.0\spring-cloud-starter-netflix-eureka-server-3.0.0.jar;D:\software\repository\org\springframework\cloud\spring-cloud-starter\3.0.0\spring-cloud-starter-3.0.0.jar;D:\software\repository\org\springframework\cloud\spring-cloud-context\3.0.0\spring-cloud-context-3.0.0.jar;D:\software\repository\org\springframework\security\spring-security-crypto\5.4.2\spring-security-crypto-5.4.2.jar;D:\software\repository\org\springframework\cloud\spring-cloud-commons\3.0.0\spring-cloud-commons-3.0.0.jar;D:\software\repository\org\springframework\security\spring-security-rsa\1.0.9.RELEASE\spring-security-rsa-1.0.9.RELEASE.jar;D:\software\repository\org\bouncycastle\bcpkix-jdk15on\1.64\bcpkix-jdk15on-1.64.jar;D:\software\repository\org\bouncycastle\bcprov-jdk15on\1.64\bcprov-jdk15on-1.64.jar;D:\software\repository\org\springframework\cloud\spring-cloud-netflix-eureka-server\3.0.0\spring-cloud-netflix-eureka-server-3.0.0.jar;D:\software\repository\org\springframework\boot\spring-boot-starter-web\2.4.2\spring-boot-starter-web-2.4.2.jar;D:\software\repository\org\springframework\boot\spring-boot-starter-json\2.4.2\spring-boot-starter-json-2.4.2.jar;D:\software\repository\com\fasterxml\jackson\datatype\jackson-datatype-jdk8\2.11.4\jackson-datatype-jdk8-2.11.4.jar;D:\software\repository\com\fasterxml\jackson\datatype\jackson-datatype-jsr310\2.11.4\jackson-datatype-jsr310-2.11.4.jar;D:\software\repository\com\fasterxml\jackson\module\jackson-module-parameter-names\2.11.4\jackson-module-parameter-names-2.11.4.jar;D:\software\repository\org\springframework\boot\spring-boot-starter-tomcat\2.4.2\spring-boot-starter-tomcat-2.4.2.jar;D:\software\repository\org\apache\tomcat\embed\tomcat-embed-core\9.0.41\tomcat-embed-core-9.0.41.jar;D:\software\repository\org\glassfish\jakarta.el\3.0.3\jakarta.el-3.0.3.jar;D:\software\repository\org\apache\tomcat\embed\tomcat-embed-websocket\9.0.41\tomcat-embed-websocket-9.0.41.jar;D:\software\repository\org\springframework\spring-web\5.3.3\spring-web-5.3.3.jar;D:\software\repository\org\springframework\spring-webmvc\5.3.3\spring-webmvc-5.3.3.jar;D:\software\repository\org\springframework\boot\spring-boot-starter-actuator\2.4.2\spring-boot-starter-actuator-2.4.2.jar;D:\software\repository\org\springframework\boot\spring-boot-actuator-autoconfigure\2.4.2\spring-boot-actuator-autoconfigure-2.4.2.jar;D:\software\repository\org\springframework\boot\spring-boot-actuator\2.4.2\spring-boot-actuator-2.4.2.jar;D:\software\repository\io\micrometer\micrometer-core\1.6.3\micrometer-core-1.6.3.jar;D:\software\repository\org\hdrhistogram\HdrHistogram\2.1.12\HdrHistogram-2.1.12.jar;D:\software\repository\org\latencyutils\LatencyUtils\2.0.3\LatencyUtils-2.0.3.jar;D:\software\repository\org\springframework\boot\spring-boot-starter-freemarker\2.4.2\spring-boot-starter-freemarker-2.4.2.jar;D:\software\repository\org\freemarker\freemarker\2.3.30\freemarker-2.3.30.jar;D:\software\repository\org\springframework\spring-context-support\5.3.3\spring-context-support-5.3.3.jar;D:\software\repository\org\springframework\cloud\spring-cloud-netflix-eureka-client\3.0.0\spring-cloud-netflix-eureka-client-3.0.0.jar;D:\software\repository\com\netflix\eureka\eureka-client\1.10.10\eureka-client-1.10.10.jar;D:\software\repository\com\netflix\netflix-commons\netflix-eventbus\0.3.0\netflix-eventbus-0.3.0.jar;D:\software\repository\com\netflix\netflix-commons\netflix-infix\0.3.0\netflix-infix-0.3.0.jar;D:\software\repository\commons-jxpath\commons-jxpath\1.3\commons-jxpath-1.3.jar;D:\software\repository\joda-time\joda-time\2.3\joda-time-2.3.jar;D:\software\repository\org\antlr\antlr-runtime\3.4\antlr-runtime-3.4.jar;D:\software\repository\org\antlr\stringtemplate\3.2.1\stringtemplate-3.2.1.jar;D:\software\repository\antlr\antlr\2.7.7\antlr-2.7.7.jar;D:\software\repository\com\google\code\gson\gson\2.8.6\gson-2.8.6.jar;D:\software\repository\org\apache\commons\commons-math\2.2\commons-math-2.2.jar;D:\software\repository\javax\ws\rs\jsr311-api\1.1.1\jsr311-api-1.1.1.jar;D:\software\repository\com\netflix\servo\servo-core\0.12.21\servo-core-0.12.21.jar;D:\software\repository\com\google\guava\guava\19.0\guava-19.0.jar;D:\software\repository\com\sun\jersey\jersey-core\1.19.1\jersey-core-1.19.1.jar;D:\software\repository\com\sun\jersey\contribs\jersey-apache-client4\1.19.1\jersey-apache-client4-1.19.1.jar;D:\software\repository\org\apache\httpcomponents\httpclient\4.5.13\httpclient-4.5.13.jar;D:\software\repository\org\apache\httpcomponents\httpcore\4.4.14\httpcore-4.4.14.jar;D:\software\repository\commons-codec\commons-codec\1.15\commons-codec-1.15.jar;D:\software\repository\commons-configuration\commons-configuration\1.10\commons-configuration-1.10.jar;D:\software\repository\commons-lang\commons-lang\2.6\commons-lang-2.6.jar;D:\software\repository\com\google\inject\guice\4.1.0\guice-4.1.0.jar;D:\software\repository\aopalliance\aopalliance\1.0\aopalliance-1.0.jar;D:\software\repository\com\fasterxml\jackson\core\jackson-annotations\2.11.4\jackson-annotations-2.11.4.jar;D:\software\repository\com\fasterxml\jackson\core\jackson-core\2.11.4\jackson-core-2.11.4.jar;D:\software\repository\com\fasterxml\jackson\core\jackson-databind\2.11.4\jackson-databind-2.11.4.jar;D:\software\repository\org\codehaus\jettison\jettison\1.4.0\jettison-1.4.0.jar;D:\software\repository\com\sun\jersey\jersey-servlet\1.19.4\jersey-servlet-1.19.4.jar;D:\software\repository\com\sun\jersey\jersey-server\1.19.4\jersey-server-1.19.4.jar;D:\software\repository\com\sun\jersey\jersey-client\1.19.4\jersey-client-1.19.4.jar;D:\software\repository\com\netflix\eureka\eureka-core\1.10.10\eureka-core-1.10.10.jar;D:\software\repository\com\fasterxml\woodstox\woodstox-core\5.3.0\woodstox-core-5.3.0.jar;D:\software\repository\javax\inject\javax.inject\1\javax.inject-1.jar;D:\software\repository\com\fasterxml\jackson\dataformat\jackson-dataformat-xml\2.11.4\jackson-dataformat-xml-2.11.4.jar;D:\software\repository\com\fasterxml\jackson\module\jackson-module-jaxb-annotations\2.11.4\jackson-module-jaxb-annotations-2.11.4.jar;D:\software\repository\org\codehaus\woodstox\stax2-api\4.2.1\stax2-api-4.2.1.jar;D:\software\repository\com\thoughtworks\xstream\xstream\1.4.14\xstream-1.4.14.jar;D:\software\repository\xmlpull\xmlpull\1.1.3.1\xmlpull-1.1.3.1.jar;D:\software\repository\xpp3\xpp3_min\1.1.4c\xpp3_min-1.1.4c.jar;D:\software\repository\org\springframework\cloud\spring-cloud-starter-loadbalancer\3.0.0\spring-cloud-starter-loadbalancer-3.0.0.jar;D:\software\repository\org\springframework\cloud\spring-cloud-loadbalancer\3.0.0\spring-cloud-loadbalancer-3.0.0.jar;D:\software\repository\org\springframework\boot\spring-boot-starter-validation\2.4.2\spring-boot-starter-validation-2.4.2.jar;D:\software\repository\org\hibernate\validator\hibernate-validator\6.1.7.Final\hibernate-validator-6.1.7.Final.jar;D:\software\repository\jakarta\validation\jakarta.validation-api\2.0.2\jakarta.validation-api-2.0.2.jar;D:\software\repository\org\jboss\logging\jboss-logging\3.4.1.Final\jboss-logging-3.4.1.Final.jar;D:\software\repository\com\fasterxml\classmate\1.5.1\classmate-1.5.1.jar;D:\software\repository\io\projectreactor\reactor-core\3.4.2\reactor-core-3.4.2.jar;D:\software\repository\org\reactivestreams\reactive-streams\1.0.3\reactive-streams-1.0.3.jar;D:\software\repository\io\projectreactor\addons\reactor-extra\3.4.2\reactor-extra-3.4.2.jar;D:\software\repository\org\springframework\boot\spring-boot-starter-cache\2.4.2\spring-boot-starter-cache-2.4.2.jar;D:\software\repository\com\stoyanr\evictor\1.0.0\evictor-1.0.0.jar;D:\software\repository\com\sun\xml\bind\jaxb-core\2.2.11\jaxb-core-2.2.11.jar;D:\software\repository\javax\xml\bind\jaxb-api\2.3.1\jaxb-api-2.3.1.jar;D:\software\repository\javax\activation\javax.activation-api\1.2.0\javax.activation-api-1.2.0.jar;D:\software\repository\com\sun\xml\bind\jaxb-impl\2.2.11\jaxb-impl-2.2.11.jar;D:\software\repository\org\glassfish\jaxb\jaxb-runtime\2.2.10-b140310.1920\jaxb-runtime-2.2.10-b140310.1920.jar;D:\software\repository\javax\activation\activation\1.1.1\activation-1.1.1.jar;D:\software\repository\org\springframework\boot\spring-boot-starter\2.4.2\spring-boot-starter-2.4.2.jar;D:\software\repository\org\springframework\boot\spring-boot\2.4.2\spring-boot-2.4.2.jar;D:\software\repository\org\springframework\spring-context\5.3.3\spring-context-5.3.3.jar;D:\software\repository\org\springframework\spring-aop\5.3.3\spring-aop-5.3.3.jar;D:\software\repository\org\springframework\spring-beans\5.3.3\spring-beans-5.3.3.jar;D:\software\repository\org\springframework\spring-expression\5.3.3\spring-expression-5.3.3.jar;D:\software\repository\org\springframework\boot\spring-boot-autoconfigure\2.4.2\spring-boot-autoconfigure-2.4.2.jar;D:\software\repository\org\springframework\boot\spring-boot-starter-logging\2.4.2\spring-boot-starter-logging-2.4.2.jar;D:\software\repository\ch\qos\logback\logback-classic\1.2.3\logback-classic-1.2.3.jar;D:\software\repository\ch\qos\logback\logback-core\1.2.3\logback-core-1.2.3.jar;D:\software\repository\org\apache\logging\log4j\log4j-to-slf4j\2.13.3\log4j-to-slf4j-2.13.3.jar;D:\software\repository\org\apache\logging\log4j\log4j-api\2.13.3\log4j-api-2.13.3.jar;D:\software\repository\org\slf4j\jul-to-slf4j\1.7.30\jul-to-slf4j-1.7.30.jar;D:\software\repository\jakarta\annotation\jakarta.annotation-api\1.3.5\jakarta.annotation-api-1.3.5.jar;D:\software\repository\org\springframework\spring-core\5.3.3\spring-core-5.3.3.jar;D:\software\repository\org\springframework\spring-jcl\5.3.3\spring-jcl-5.3.3.jar;D:\software\repository\org\yaml\snakeyaml\1.27\snakeyaml-1.27.jar;D:\software\repository\org\springframework\boot\spring-boot-starter-test\2.4.2\spring-boot-starter-test-2.4.2.jar;D:\software\repository\org\springframework\boot\spring-boot-test\2.4.2\spring-boot-test-2.4.2.jar;D:\software\repository\org\springframework\boot\spring-boot-test-autoconfigure\2.4.2\spring-boot-test-autoconfigure-2.4.2.jar;D:\software\repository\com\jayway\jsonpath\json-path\2.4.0\json-path-2.4.0.jar;D:\software\repository\net\minidev\json-smart\2.3\json-smart-2.3.jar;D:\software\repository\net\minidev\accessors-smart\1.2\accessors-smart-1.2.jar;D:\software\repository\org\ow2\asm\asm\5.0.4\asm-5.0.4.jar;D:\software\repository\org\slf4j\slf4j-api\1.7.30\slf4j-api-1.7.30.jar;D:\software\repository\jakarta\xml\bind\jakarta.xml.bind-api\2.3.3\jakarta.xml.bind-api-2.3.3.jar;D:\software\repository\jakarta\activation\jakarta.activation-api\1.2.2\jakarta.activation-api-1.2.2.jar;D:\software\repository\org\assertj\assertj-core\3.18.1\assertj-core-3.18.1.jar;D:\software\repository\org\hamcrest\hamcrest\2.2\hamcrest-2.2.jar;D:\software\repository\org\junit\jupiter\junit-jupiter\5.7.0\junit-jupiter-5.7.0.jar;D:\software\repository\org\junit\jupiter\junit-jupiter-api\5.7.0\junit-jupiter-api-5.7.0.jar;D:\software\repository\org\apiguardian\apiguardian-api\1.1.0\apiguardian-api-1.1.0.jar;D:\software\repository\org\opentest4j\opentest4j\1.2.0\opentest4j-1.2.0.jar;D:\software\repository\org\junit\platform\junit-platform-commons\1.7.0\junit-platform-commons-1.7.0.jar;D:\software\repository\org\junit\jupiter\junit-jupiter-params\5.7.0\junit-jupiter-params-5.7.0.jar;D:\software\repository\org\junit\jupiter\junit-jupiter-engine\5.7.0\junit-jupiter-engine-5.7.0.jar;D:\software\repository\org\junit\platform\junit-platform-engine\1.7.0\junit-platform-engine-1.7.0.jar;D:\software\repository\org\mockito\mockito-core\3.6.28\mockito-core-3.6.28.jar;D:\software\repository\net\bytebuddy\byte-buddy\1.10.19\byte-buddy-1.10.19.jar;D:\software\repository\net\bytebuddy\byte-buddy-agent\1.10.19\byte-buddy-agent-1.10.19.jar;D:\software\repository\org\objenesis\objenesis\3.1\objenesis-3.1.jar;D:\software\repository\org\mockito\mockito-junit-jupiter\3.6.28\mockito-junit-jupiter-3.6.28.jar;D:\software\repository\org\skyscreamer\jsonassert\1.5.0\jsonassert-1.5.0.jar;D:\software\repository\com\vaadin\external\google\android-json\0.0.20131108.vaadin1\android-json-0.0.20131108.vaadin1.jar;D:\software\repository\org\springframework\spring-test\5.3.3\spring-test-5.3.3.jar;D:\software\repository\org\xmlunit\xmlunit-core\2.7.0\xmlunit-core-2.7.0.jar;"/>
    <property name="sun.cpu.endian" value="little"/>
    <property name="user.home" value="C:\Users\lengy"/>
    <property name="user.language" value="zh"/>
    <property name="java.specification.vendor" value="Oracle Corporation"/>
    <property name="java.version.date" value="2019-01-15"/>
    <property name="java.home" value="C:\Program Files\Java\jdk-11.0.2"/>
    <property name="file.separator" value="\"/>
    <property name="basedir" value="D:\workspace\project\微服务\edu\edu-lagou\edu-eureka-boot"/>
    <property name="java.vm.compressedOopsMode" value="Zero based"/>
    <property name="line.separator" value="&#10;"/>
    <property name="java.specification.name" value="Java Platform API Specification"/>
    <property name="java.vm.specification.vendor" value="Oracle Corporation"/>
    <property name="java.awt.graphicsenv" value="sun.awt.Win32GraphicsEnvironment"/>
    <property name="surefire.real.class.path" value="C:\Users\lengy\AppData\Local\Temp\surefire11659614942191169749\surefirebooter14866872950030290116.jar"/>
    <property name="user.script" value=""/>
    <property name="sun.management.compiler" value="HotSpot 64-Bit Tiered Compilers"/>
    <property name="java.runtime.version" value="11.0.2+9-LTS"/>
    <property name="user.name" value="lengy"/>
    <property name="path.separator" value=";"/>
    <property name="os.version" value="10.0"/>
    <property name="java.runtime.name" value="Java(TM) SE Runtime Environment"/>
    <property name="file.encoding" value="GBK"/>
    <property name="java.vm.name" value="Java HotSpot(TM) 64-Bit Server VM"/>
    <property name="java.vendor.version" value="18.9"/>
    <property name="localRepository" value="D:\software\repository"/>
    <property name="java.vendor.url.bug" value="http://bugreport.java.com/bugreport/"/>
    <property name="java.io.tmpdir" value="C:\Users\lengy\AppData\Local\Temp\"/>
    <property name="java.version" value="11.0.2"/>
    <property name="user.dir" value="D:\workspace\project\微服务\edu\edu-lagou\edu-eureka-boot"/>
    <property name="os.arch" value="amd64"/>
    <property name="java.vm.specification.name" value="Java Virtual Machine Specification"/>
    <property name="java.awt.printerjob" value="sun.awt.windows.WPrinterJob"/>
    <property name="sun.os.patch.level" value=""/>
    <property name="java.library.path" value="C:\Program Files\Java\jdk-11.0.2\bin;C:\WINDOWS\Sun\Java\bin;C:\WINDOWS\system32;C:\WINDOWS;D:\VMware\centos\bin\;D:\software\maven\apache-maven-3.6.3\bin;D:\software\apache-tomcat-8.5.55\bin;C:\Program Files\Java\jdk-11.0.2\bin;C:\Program Files\MySQL\MySQL Server 5.7\bin;C:\WINDOWS\system32;C:\WINDOWS;C:\WINDOWS\System32\Wbem;C:\WINDOWS\System32\WindowsPowerShell\v1.0\;C:\WINDOWS\System32\OpenSSH\;E:\repo_npm;D:\software\Microsoft VS Code\Microsoft VS Code\bin;D:\software\nodejs\;D:\software\nodejs-package\npm-modules;C:\Program Files\TortoiseGit\bin;D:\Git\cmd;C:\Users\lengy\AppData\Local\Microsoft\WindowsApps;E:\software\Microsoft VS Code\bin;C:\Users\lengy\AppData\Roaming\npm;."/>
    <property name="java.vendor" value="Oracle Corporation"/>
    <property name="java.vm.info" value="mixed mode"/>
    <property name="java.vm.version" value="11.0.2+9-LTS"/>
    <property name="sun.io.unicode.encoding" value="UnicodeLittle"/>
    <property name="java.class.version" value="55.0"/>
  </properties>
  <testcase name="contextLoads" classname="com.lagou.EduEurekaBootApplicationTests" time="0.256"/>
</testsuite>